Fit to FeS2 data
 Name            : rh4co000499_fit    (haryz)
 Description     : fit to rh4co000499
 Figure of merit : 0
 Time of fit     : 2021-03-09T19:21:13
 Environment     : Demeter 0.9.25 with perl 5.018002 and using Ifeffit 1.2.12 on Windows 8
 Interface       : Demeter-based perl script
 Prepared by     : 
 Contact         :


=*=*=*=*=*=*=*=*=*=*=*=*=*=*=*=*=*=*=*=*=*=*=*=*=*=*=*=*=*=*=*=*=*=*=*=*=*=*=


Independent points          : 16.2568359
Number of variables         : 8
Chi-square                  : 9204.6330363
Reduced chi-square          : 1114.7893825
R-factor                    : 0.1382806
Number of data sets         : 1


Happiness = 53.00/100             color = #FD7E6F
   An R-factor of 0.13828 gives a penalty of 40.00000.
   Penalty of 2 : sigma2 for " C5.1 " is suspiciously large.
   Penalty of 2 : sigma2 for " C7.1 " is suspiciously large.
   1 correlation above 0.950 for a penalty of 3.000
***** Note: happiness is a semantic parameter and should *****
*****    NEVER be reported in a publication -- NEVER!    *****

guess parameters:
  amp                =   2.66612515    # +/-   1.19449139     [1.000]
  enot               =   4.96084594    # +/-   2.64506214     [0.0]
  alpha              =  -0.01283945    # +/-   0.00504661     [0.0]
  ssC51              =   0.25521134    # +/- 4690.14348270     [0.003]
  ssC71              =   0.32109329    # +/- 35904.48040895     [0.003]
  ssC61              =   0.03217652    # +/-   0.12768477     [0.003]
  ssC91              =   0.00482613    # +/-   0.01009767     [0.003]
  ssR11              =   0.00363312    # +/-   0.00239964     [0.003]

Correlations between variables:
               ssc71 & ssc51              --> -0.9969
               ssr11 & amp                -->  0.9361
               alpha & enot               -->  0.7645
               ssc61 & ssc51              -->  0.5579
               ssc61 & ssc71              --> -0.5188
               ssc91 & ssc61              --> -0.4059
All other correlations below 0.4

===== Data set >> rh4co000499 << ====================================

: Athena project        = .\rh4co\rh4co000499.prj, 1
: name                  = rh4co000499
: k-range               = 3 - 12
: dk                    = 1
: k-window              = hanning
: k-weight              = 1,2,3
: R-range               = 1.2 - 4.1
: dR                    = 0.0
: R-window              = hanning
: fitting space         = r
: background function   = no
: phase correction      = no
: background removal    = E0: 23226.428, Rbkg: 1.0, range: [0.000:17.543], clamps: 0/24, kw: 2
: epsilon_k by k-weight = 1.443e-003
: epsilon_r by k-weight = 1.091e+000
: R-factor by k-weight  = 1 -> 0.16903,  2 -> 0.13342,  3 -> 0.11240

  name         N       S02     sigma^2   e0     delr     Reff     R
==========================================================================
 C5.1       1.000   2.666   0.25521   4.961 -0.02459  1.91490  1.89031
 C7.1       1.000   2.666   0.32109   4.961 -0.02549  1.98540  1.95991
 C6.1       1.000   2.666   0.03218   4.961 -0.02638  2.05500  2.02862
 C9.1       1.000   2.666   0.00483   4.961 -0.02686  2.09170  2.06484
 Rh1.1      2.000   2.666   0.00363   4.961 -0.03492  2.71940  2.68448

  name         ei       third     fourth
==========================================
 C5.1      0.00000   0.00000   0.00000
 C7.1      0.00000   0.00000   0.00000
 C6.1      0.00000   0.00000   0.00000
 C9.1      0.00000   0.00000   0.00000
 Rh1.1     0.00000   0.00000   0.00000


=*=*=*=*=*=*=*=*=*=*=*=*=*=*=*=*=*=*=*=*=*=*=*=*=*=*=*=*=*=*=*=*=*=*=*=*=*=*=



