Fit to rh4co000490 data
 Name            : rh4co000490_fit    (colfp)
 Description     : fit to rh4co000490
 Figure of merit : 0
 Time of fit     : 2021-03-10T01:32:22
 Environment     : Demeter 0.9.25 with perl 5.018002 and using Ifeffit 1.2.12 on Windows 8
 Interface       : Demeter-based perl script
 Prepared by     : 
 Contact         :


=*=*=*=*=*=*=*=*=*=*=*=*=*=*=*=*=*=*=*=*=*=*=*=*=*=*=*=*=*=*=*=*=*=*=*=*=*=*=


Independent points          : 16.2568359
Number of variables         : 8
Chi-square                  : 9562.9347265
Reduced chi-square          : 1158.1839338
R-factor                    : 0.1367009
Number of data sets         : 1


Happiness = 53.00/100             color = #FD7E6F
   An R-factor of 0.13670 gives a penalty of 40.00000.
   Penalty of 2 : sigma2 for " C5.1 " is suspiciously large.
   Penalty of 2 : sigma2 for " C7.1 " is suspiciously large.
   1 correlation above 0.950 for a penalty of 3.000
***** Note: happiness is a semantic parameter and should *****
*****    NEVER be reported in a publication -- NEVER!    *****

guess parameters:
  amp                =   2.70653003    # +/-   1.19679669     [1.000]
  enot               =   4.92638541    # +/-   2.90925719     [0.0]
  alpha              =  -0.01290883    # +/-   0.00508288     [0.0]
  ssC51              =   0.25347693    # +/- 5297.05681763     [0.003]
  ssC71              =   0.32144104    # +/- 42117.83264957     [0.003]
  ssC61              =   0.03284607    # +/-   0.15050929     [0.003]
  ssC91              =   0.00495200    # +/-   0.00986347     [0.003]
  ssR11              =   0.00372205    # +/-   0.00236152     [0.003]

Correlations between variables:
               ssc71 & ssc51              --> -0.9976
               ssr11 & amp                -->  0.9371
               alpha & enot               -->  0.7736
               ssc61 & ssc51              -->  0.6882
               ssc61 & ssc71              --> -0.6577
               ssc51 & enot               -->  0.4344
               ssc61 & enot               -->  0.4275
               ssc71 & enot               --> -0.4192
All other correlations below 0.4

===== Data set >> rh4co000490 << ====================================

: Athena project        = .\rh4co\rh4co000490.prj, 1
: name                  = rh4co000490
: k-range               = 3 - 12
: dk                    = 1
: k-window              = hanning
: k-weight              = 1,2,3
: R-range               = 1.2 - 4.1
: dR                    = 0.0
: R-window              = hanning
: fitting space         = r
: background function   = no
: phase correction      = no
: background removal    = E0: 23226.428, Rbkg: 1.0, range: [0.000:17.543], clamps: 0/24, kw: 2
: epsilon_k by k-weight = 1.608e-003
: epsilon_r by k-weight = 1.216e+000
: R-factor by k-weight  = 1 -> 0.16925,  2 -> 0.13143,  3 -> 0.10942

  name         N       S02     sigma^2   e0     delr     Reff     R
==========================================================================
 C5.1       1.000   2.707   0.25348   4.926 -0.02472  1.91490  1.89018
 C7.1       1.000   2.707   0.32144   4.926 -0.02563  1.98540  1.95977
 C6.1       1.000   2.707   0.03285   4.926 -0.02653  2.05500  2.02847
 C9.1       1.000   2.707   0.00495   4.926 -0.02700  2.09170  2.06470
 Rh1.1      2.000   2.707   0.00372   4.926 -0.03510  2.71940  2.68430

  name         ei       third     fourth
==========================================
 C5.1      0.00000   0.00000   0.00000
 C7.1      0.00000   0.00000   0.00000
 C6.1      0.00000   0.00000   0.00000
 C9.1      0.00000   0.00000   0.00000
 Rh1.1     0.00000   0.00000   0.00000


=*=*=*=*=*=*=*=*=*=*=*=*=*=*=*=*=*=*=*=*=*=*=*=*=*=*=*=*=*=*=*=*=*=*=*=*=*=*=



