=================== FEFFIT RESULTS ====================
[[Statistics]]
   nvarys, npts       =  4, 104
   n_independent      =  15.260
   chi_square         =  112.156248
   reduced chi_square =  9.96034020
   r-factor           =  0.00272181
   Akaike info crit   =  38.4387617
   Bayesian info crit =  41.3397759
 
[[Data]]
   fit space          = 'r'
   r-range            = 1.400, 3.000
   k-range            = 3.000, 17.000
   k window, dk       = 'kaiser', 4.000
   paths used in fit  = ['feffcu01.dat']
   k-weight           = 2
   epsilon_k          = Array(mean=6.1854e-04, std=0.00165467)
   epsilon_r          = 0.02078957
   n_independent      = 15.260
 
[[Variables]]
   amp            =  0.92757195 +/- 0.03899544   (init=  1.00000000)
   del_e0         =  4.35776811 +/- 0.51134936   (init=  0.00000000)
   sig2           =  0.00866969 +/- 3.0784e-04   (init=  0.00000000)
   del_r          = -0.00601666 +/- 0.00261331   (init=  0.00000000)
 
[[Correlations]]    (unreported correlations are <  0.100)
   amp, sig2            =  0.928
   del_e0, del_r        =  0.920
   sig2, del_r          =  0.159
   amp, del_r           =  0.137
 
[[Paths]]
   Path pfh2ced6i, Feff.dat file = feffcu01.dat
     atom      x        y        z       ipot
      Cu       0.0000,  0.0000,  0.0000  0 (absorber)
      Cu       0.0000, -1.8016,  1.8016  1
     reff   =  2.54780000
     degen  =  12.0000000
     n*s02  =  0.92757195 +/- 0.03899544  'amp'
     e0     =  4.35776811 +/- 0.51134936  'del_e0'
     r      =  2.54178334 +/- 0.00261331  'reff + del_r'
     deltar = -0.00601666 +/- 0.00261331  'del_r'
     sigma2 =  0.00866969 +/- 3.0784e-04  'sig2'

=======================================================
