Fit to FeS2 data
 Name            : FeS2 fit    (ohnde)
 Description     : fit to fes2_xmu
 Figure of merit : 0
 Time of fit     : 2021-02-02T20:22:22
 Environment     : Demeter 0.9.25 with perl 5.018002 and using Ifeffit 1.2.12 on Windows 8
 Interface       : Demeter-based perl script
 Prepared by     : 
 Contact         :


=*=*=*=*=*=*=*=*=*=*=*=*=*=*=*=*=*=*=*=*=*=*=*=*=*=*=*=*=*=*=*=*=*=*=*=*=*=*=


Independent points          : 16.2568359
Number of variables         : 6
Chi-square                  : 4537.0975184
Reduced chi-square          : 442.3486488
R-factor                    : 0.0060569
Number of data sets         : 1


Happiness = 100.00/100             color = #D8E796
***** Note: happiness is a semantic parameter and should *****
*****    NEVER be reported in a publication -- NEVER!    *****

guess parameters:
  alpha              =   0.00100962    # +/-   0.00149851     [0]
  amp                =   0.69065100    # +/-   0.03175212     [1]
  enot               =   2.83623689    # +/-   0.50758522     [0]
  ss                 =   0.00302328    # +/-   0.00049607     [0.003]
  ss2                =   0.00395650    # +/-   0.00130316     [0.003]
  ssfe               =   0.00496836    # +/-   0.00061756     [0.003]

def parameters:
  ss3                =   0.00395650    # [ss2]

Correlations between variables:
                enot & alpha              -->  0.8715
                  ss & amp                -->  0.8096
                ssfe & amp                -->  0.5757
                ssfe & ss                 -->  0.4793
                 ss2 & amp                -->  0.4500
All other correlations below 0.4

===== Data set >> fes2_xmu << ====================================

: Athena project        = FeS2_dmtr.prj, 1
: name                  = fes2_xmu
: k-range               = 3 - 12
: dk                    = 1
: k-window              = hanning
: k-weight              = 1,2,3
: R-range               = 1.2 - 4.1
: dR                    = 0.0
: R-window              = hanning
: fitting space         = r
: background function   = no
: phase correction      = no
: background removal    = E0: 7117, Rbkg: 1.0, range: [0:14.956], clamps: 0/24, kw: 2
: epsilon_k by k-weight = 3.402e-004
: epsilon_r by k-weight = 1.465e-001
: R-factor by k-weight  = 1 -> 0.00641,  2 -> 0.00557,  3 -> 0.00619

  name            N       S02     sigma^2   e0     delr     Reff     R
=============================================================================
 S.1           6.000   0.691   0.00302   2.836  0.00228  2.25660  2.25888
 S.2           6.000   0.691   0.00396   2.836  0.00348  3.44490  3.44838
 S.3           2.000   0.691   0.00396   2.836  0.00363  3.59420  3.59783
 Fe.1         12.000   0.691   0.00497   2.836  0.00386  3.82120  3.82506
 S.1 S.2      12.000   0.691   0.00454   2.836  0.00397  3.93650  3.94047
 S.1 Fe.1     24.000   0.691   0.00648   2.836  0.00421  4.16720  4.17141
 S.1 S.1       6.000   0.691   0.00605   2.836  0.00456  4.51310  4.51766
 S.1           6.000   0.691   0.00605   2.836  0.00456  4.51310  4.51766
 S.1           6.000   0.691   0.01209   2.836  0.00456  4.51310  4.51766

  name            ei       third     fourth
=============================================
 S.1          0.00000   0.00000   0.00000
 S.2          0.00000   0.00000   0.00000
 S.3          0.00000   0.00000   0.00000
 Fe.1         0.00000   0.00000   0.00000
 S.1 S.2      0.00000   0.00000   0.00000
 S.1 Fe.1     0.00000   0.00000   0.00000
 S.1 S.1      0.00000   0.00000   0.00000
 S.1          0.00000   0.00000   0.00000
 S.1          0.00000   0.00000   0.00000


=*=*=*=*=*=*=*=*=*=*=*=*=*=*=*=*=*=*=*=*=*=*=*=*=*=*=*=*=*=*=*=*=*=*=*=*=*=*=



