Fit to FeS2 data
 Name            : rh4co_ox    (ywnni)
 Description     : fit to rh4co000000
 Figure of merit : 0
 Time of fit     : 2021-03-09T18:46:50
 Environment     : Demeter 0.9.25 with perl 5.018002 and using Ifeffit 1.2.12 on Windows 8
 Interface       : Demeter-based perl script
 Prepared by     : 
 Contact         :


=*=*=*=*=*=*=*=*=*=*=*=*=*=*=*=*=*=*=*=*=*=*=*=*=*=*=*=*=*=*=*=*=*=*=*=*=*=*=


Independent points          : 16.2568359
Number of variables         : 8
Chi-square                  : 9408.8605636
Reduced chi-square          : 1139.5237395
R-factor                    : 0.1284644
Number of data sets         : 1


Happiness = 51.00/100             color = #FD7E6F
   An R-factor of 0.12846 gives a penalty of 40.00000.
   Penalty of 2 : sigma2 for " C5.1 " is suspiciously large.
   Penalty of 2 : sigma2 for " C7.1 " is suspiciously large.
   Penalty of 2 : sigma2 for " C6.1 " is suspiciously large.
   1 correlation above 0.950 for a penalty of 3.000
***** Note: happiness is a semantic parameter and should *****
*****    NEVER be reported in a publication -- NEVER!    *****

guess parameters:
  amp                =   2.81547721    # +/-   1.18420711     [1.000]
  enot               =   4.44467272    # +/-   2.96506289     [0.0]
  alpha              =  -0.01303025    # +/-   0.00527244     [0.0]
  ssC51              =   0.26344417    # +/- 5972.14239093     [0.003]
  ssC71              =   0.33553531    # +/- 57965.11697074     [0.003]
  ssC61              =   0.35666760    # +/- 27615.93014292     [0.003]
  ssC91              =   0.00362764    # +/-   0.00760022     [0.003]
  ssR11              =   0.00371990    # +/-   0.00225487     [0.003]

Correlations between variables:
               ssc71 & ssc51              --> -0.9901
               ssr11 & amp                -->  0.9350
               alpha & enot               -->  0.8142
               ssc51 & amp                --> -0.5692
               ssc71 & amp                -->  0.5344
               ssc61 & enot               -->  0.5226
               ssr11 & ssc51              --> -0.5223
               ssr11 & ssc71              -->  0.4918
               ssc61 & ssc71              --> -0.4236
               ssc91 & amp                -->  0.4047
All other correlations below 0.4

===== Data set >> rh4co000000 << ====================================

: Athena project        = .\rh4co\rh4co000000.prj, 1
: name                  = rh4co000000
: k-range               = 3 - 12
: dk                    = 1
: k-window              = hanning
: k-weight              = 1,2,3
: R-range               = 1.2 - 4.1
: dR                    = 0.0
: R-window              = hanning
: fitting space         = r
: background function   = no
: phase correction      = no
: background removal    = E0: 23227.109, Rbkg: 1.0, range: [0.000:17.538], clamps: 0/24, kw: 2
: epsilon_k by k-weight = 1.462e-003
: epsilon_r by k-weight = 1.094e+000
: R-factor by k-weight  = 1 -> 0.16674,  2 -> 0.12209,  3 -> 0.09656

  name         N       S02     sigma^2   e0     delr     Reff     R
==========================================================================
 C5.1       1.000   2.815   0.26344   4.445 -0.02495  1.91490  1.88995
 C7.1       1.000   2.815   0.33554   4.445 -0.02587  1.98540  1.95953
 C6.1       1.000   2.815   0.35667   4.445 -0.02678  2.05500  2.02822
 C9.1       1.000   2.815   0.00363   4.445 -0.02726  2.09170  2.06445
 Rh1.1      2.000   2.815   0.00372   4.445 -0.03543  2.71940  2.68397

  name         ei       third     fourth
==========================================
 C5.1      0.00000   0.00000   0.00000
 C7.1      0.00000   0.00000   0.00000
 C6.1      0.00000   0.00000   0.00000
 C9.1      0.00000   0.00000   0.00000
 Rh1.1     0.00000   0.00000   0.00000


=*=*=*=*=*=*=*=*=*=*=*=*=*=*=*=*=*=*=*=*=*=*=*=*=*=*=*=*=*=*=*=*=*=*=*=*=*=*=



